  P03-318122131.cpp
C:\Users\Hhebe\OneDrive\Documentos\8° Semestre\Compu Grafica\Practicas\P03\PracticaV2\P03\Window.h(12,36): warning C4244: 'return': conversión de 'GLint' a 'GLfloat'; posible pérdida de datos
  (compilando archivo de origen "P03-318122131.cpp")
  
C:\Users\Hhebe\OneDrive\Documentos\8° Semestre\Compu Grafica\Practicas\P03\PracticaV2\P03\Window.h(13,37): warning C4244: 'return': conversión de 'GLint' a 'GLfloat'; posible pérdida de datos
  (compilando archivo de origen "P03-318122131.cpp")
  
C:\Users\Hhebe\OneDrive\Documentos\8° Semestre\Compu Grafica\Practicas\P03\PracticaV2\P03\P03-318122131.cpp(27,36): warning C4305: 'inicializando': truncamiento de 'double' a 'float'
C:\Users\Hhebe\OneDrive\Documentos\8° Semestre\Compu Grafica\Practicas\P03\PracticaV2\P03\P03-318122131.cpp(197,16): warning C4018: '<': no coinciden signed/unsigned
C:\Users\Hhebe\OneDrive\Documentos\8° Semestre\Compu Grafica\Practicas\P03\PracticaV2\P03\P03-318122131.cpp(239,32): warning C4244: 'argumento': conversión de 'double' a '_Ty'; posible pérdida de datos
C:\Users\Hhebe\OneDrive\Documentos\8° Semestre\Compu Grafica\Practicas\P03\PracticaV2\P03\P03-318122131.cpp(239,32): warning C4244:         with
C:\Users\Hhebe\OneDrive\Documentos\8° Semestre\Compu Grafica\Practicas\P03\PracticaV2\P03\P03-318122131.cpp(239,32): warning C4244:         [
C:\Users\Hhebe\OneDrive\Documentos\8° Semestre\Compu Grafica\Practicas\P03\PracticaV2\P03\P03-318122131.cpp(239,32): warning C4244:             _Ty=GLfloat
C:\Users\Hhebe\OneDrive\Documentos\8° Semestre\Compu Grafica\Practicas\P03\PracticaV2\P03\P03-318122131.cpp(239,32): warning C4244:         ]
C:\Users\Hhebe\OneDrive\Documentos\8° Semestre\Compu Grafica\Practicas\P03\PracticaV2\P03\P03-318122131.cpp(241,32): warning C4244: 'argumento': conversión de 'double' a '_Ty'; posible pérdida de datos
C:\Users\Hhebe\OneDrive\Documentos\8° Semestre\Compu Grafica\Practicas\P03\PracticaV2\P03\P03-318122131.cpp(241,32): warning C4244:         with
C:\Users\Hhebe\OneDrive\Documentos\8° Semestre\Compu Grafica\Practicas\P03\PracticaV2\P03\P03-318122131.cpp(241,32): warning C4244:         [
C:\Users\Hhebe\OneDrive\Documentos\8° Semestre\Compu Grafica\Practicas\P03\PracticaV2\P03\P03-318122131.cpp(241,32): warning C4244:             _Ty=GLfloat
C:\Users\Hhebe\OneDrive\Documentos\8° Semestre\Compu Grafica\Practicas\P03\PracticaV2\P03\P03-318122131.cpp(241,32): warning C4244:         ]
C:\Users\Hhebe\OneDrive\Documentos\8° Semestre\Compu Grafica\Practicas\P03\PracticaV2\P03\P03-318122131.cpp(338,15): warning C4244: 'inicializando': conversión de 'double' a 'GLfloat'; posible pérdida de datos
C:\Users\Hhebe\OneDrive\Documentos\8° Semestre\Compu Grafica\Practicas\P03\PracticaV2\P03\P03-318122131.cpp(340,33): warning C4244: '+=': conversión de 'double' a 'GLfloat'; posible pérdida de datos
LINK : warning LNK4098: la biblioteca predeterminada'MSVCRT' entra en conflicto con otras bibliotecas; use la biblioteca /NODEFAULTLIB:biblioteca
  P03.vcxproj -> C:\Users\Hhebe\OneDrive\Documentos\8° Semestre\Compu Grafica\Practicas\P03\PracticaV2\Debug\P03.exe
